Using pre-set license
Built from '2020.3/staging' branch; Version is '2020.3.11f1 (99c7afb366b3) revision 10078127'; Using compiler version '192528614'; Build Type 'Release'
OS: 'Windows 10 Pro; OS build 19042.1237; Version 2009; 64bit' Language: 'en' Physical Memory: 32611 MB
BatchMode: 1, IsHumanControllingUs: 0, StartBugReporterOnCrash: 0, Is64bit: 1, IsPro: 0

 COMMAND LINE ARGUMENTS:
C:\Program Files\Unity\Hub\Editor\2020.3.11f1\Editor\Unity.exe
-adb2
-batchMode
-noUpm
-name
AssetImportWorker0
-projectPath
E:/Unity/GitHub/SEPT21-XRDEV-AN/SEPT21-XRDEV-AN
-logFile
Logs/AssetImportWorker0.log
-srvPort
52571
Successfully changed project path to: E:/Unity/GitHub/SEPT21-XRDEV-AN/SEPT21-XRDEV-AN
E:/Unity/GitHub/SEPT21-XRDEV-AN/SEPT21-XRDEV-AN
Using Asset Import Pipeline V2.
Refreshing native plugins compatible for Editor in 72.99 ms, found 8 plugins.
Preloading 3 native plugins for Editor in 2.17 ms.
Initialize engine version: 2020.3.11f1 (99c7afb366b3)
[Subsystems] Discovering subsystems at path C:/Program Files/Unity/Hub/Editor/2020.3.11f1/Editor/Data/Resources/UnitySubsystems
[Subsystems] Discovering subsystems at path E:/Unity/GitHub/SEPT21-XRDEV-AN/SEPT21-XRDEV-AN/Assets
GfxDevice: creating device client; threaded=0
Direct3D:
    Version:  Direct3D 11.0 [level 11.1]
    Renderer: NVIDIA GeForce GTX 1070 with Max-Q Design (ID=0x1ba1)
    Vendor:   
    VRAM:     8081 MB
    Driver:   27.21.14.5206
Initialize mono
Mono path[0] = 'C:/Program Files/Unity/Hub/Editor/2020.3.11f1/Editor/Data/Managed'
Mono path[1] = 'C:/Program Files/Unity/Hub/Editor/2020.3.11f1/Editor/Data/MonoBleedingEdge/lib/mono/unityjit'
Mono config path = 'C:/Program Files/Unity/Hub/Editor/2020.3.11f1/Editor/Data/MonoBleedingEdge/etc'
Using monoOptions --debugger-agent=transport=dt_socket,embedding=1,server=y,suspend=n,address=127.0.0.1:56580
Begin MonoManager ReloadAssembly
Registering precompiled unity dll's ...
Register platform support module: C:/Program Files/Unity/Hub/Editor/2020.3.11f1/Editor/Data/PlaybackEngines/WindowsStandaloneSupport/UnityEditor.WindowsStandalone.Extensions.dll
Registered in 0.002437 seconds.
Native extension for WindowsStandalone target not found
Refreshing native plugins compatible for Editor in 63.45 ms, found 8 plugins.
Preloading 3 native plugins for Editor in 0.10 ms.
Mono: successfully reloaded assembly
- Completed reload, in  1.948 seconds
Platform modules already initialized, skipping
Registering precompiled user dll's ...
Registered in 0.011702 seconds.
Begin MonoManager ReloadAssembly
Native extension for WindowsStandalone target not found
Refreshing native plugins compatible for Editor in 65.34 ms, found 8 plugins.
Preloading 3 native plugins for Editor in 0.10 ms.
System.NullReferenceException: Object reference not set to an instance of an object
  at Vuforia.EditorClasses.ExtensionTypeProvider.GetVuforiaPackageAbsPath () [0x0004a] in <67f168408fbf4fce9c04342c093e9fe7>:0 
  at Vuforia.EditorClasses.ExtensionTypeProvider.IsPackageManager () [0x00000] in <67f168408fbf4fce9c04342c093e9fe7>:0 
  at Vuforia.EditorClasses.ExtensionTypeProvider.ResolvePluginType () [0x00009] in <67f168408fbf4fce9c04342c093e9fe7>:0 
  at Vuforia.EditorClasses.ExtensionTypeProvider.GetPluginType () [0x0000c] in <67f168408fbf4fce9c04342c093e9fe7>:0 
  at Vuforia.EditorClasses.VuforiaUtilities.IsVuforiaEnabledInPlayerSettings () [0x00000] in <67f168408fbf4fce9c04342c093e9fe7>:0 
  at VuforiaEnabledObserver..cctor () [0x00000] in <67f168408fbf4fce9c04342c093e9fe7>:0 
UnityEngine.StackTraceUtility:ExtractStackTrace ()
UnityEngine.DebugLogHandler:LogFormat (UnityEngine.LogType,UnityEngine.Object,string,object[])
UnityEngine.Logger:Log (UnityEngine.LogType,object)
UnityEngine.Debug:LogError (object)
UnityEditor.EditorAssemblies:ProcessInitializeOnLoadAttributes (System.Type[])

System.NullReferenceException: Object reference not set to an instance of an object
  at Vuforia.EditorClasses.ExtensionTypeProvider.GetVuforiaPackageAbsPath () [0x0004a] in <67f168408fbf4fce9c04342c093e9fe7>:0 
  at Vuforia.EditorClasses.ExtensionTypeProvider.IsPackageManager () [0x00000] in <67f168408fbf4fce9c04342c093e9fe7>:0 
  at Vuforia.EditorClasses.ExtensionTypeProvider.ResolvePluginType () [0x00009] in <67f168408fbf4fce9c04342c093e9fe7>:0 
  at Vuforia.EditorClasses.ExtensionTypeProvider.GetPluginType () [0x0000c] in <67f168408fbf4fce9c04342c093e9fe7>:0 
  at Vuforia.EditorClasses.VuforiaUtilities.IsVuforiaEnabledInPlayerSettings () [0x00000] in <67f168408fbf4fce9c04342c093e9fe7>:0 
  at Vuforia.EditorClasses.InitializeOnLoadVuforiaTaskRunner..cctor () [0x00015] in <67f168408fbf4fce9c04342c093e9fe7>:0 
UnityEngine.StackTraceUtility:ExtractStackTrace ()
UnityEngine.DebugLogHandler:LogFormat (UnityEngine.LogType,UnityEngine.Object,string,object[])
UnityEngine.Logger:Log (UnityEngine.LogType,object)
UnityEngine.Debug:LogError (object)
UnityEditor.EditorAssemblies:ProcessInitializeOnLoadAttributes (System.Type[])

[XR] OculusXRPlugin: registering subsystems
[XR] Unable to register display lifecyle provider: [1]
[XR] Oculus Input lifecycle provider registered.
[XR] Unable to register input lifecyle provider: [1]
NullReferenceException: Object reference not set to an instance of an object
  at Unity.XR.Oculus.OculusLoader.AssetPathToAbsolutePath (System.String assetPath) [0x00048] in G:\Unity\GitHub\SEPT21-XRDEV-AN\SEPT21-XRDEV-AN\Library\PackageCache\com.unity.xr.oculus@1.9.1\Runtime\OculusLoader.cs:249 
  at Unity.XR.Oculus.OculusLoader.EditorLoadOVRPlugin () [0x0007b] in G:\Unity\GitHub\SEPT21-XRDEV-AN\SEPT21-XRDEV-AN\Library\PackageCache\com.unity.xr.oculus@1.9.1\Runtime\OculusLoader.cs:234 

(Filename: G:/Unity/GitHub/SEPT21-XRDEV-AN/SEPT21-XRDEV-AN/Library/PackageCache/com.unity.xr.oculus@1.9.1/Runtime/OculusLoader.cs Line: 249)

Mono: successfully reloaded assembly
- Completed reload, in  9.962 seconds
Platform modules already initialized, skipping
========================================================================
Worker process is ready to serve import requests
Shader 'Universal Render Pipeline/Particles/Lit': fallback shader 'Universal Render Pipeline/Particles/SimpleLit' not found
Shader 'Universal Render Pipeline/Particles/Lit': fallback shader 'Universal Render Pipeline/Particles/SimpleLit' not found
Launched and connected shader compiler UnityShaderCompiler.exe after 0.08 seconds
Refreshing native plugins compatible for Editor in 1.41 ms, found 8 plugins.
Preloading 3 native plugins for Editor in 0.17 ms.
Unloading 3232 Unused Serialized files (Serialized files now loaded: 0)
System memory in use before: 151.4 MB.
System memory in use after: 149.4 MB.

Unloading 76 unused Assets to reduce memory usage. Loaded Objects now: 3911.
Total: 3.759300 ms (FindLiveObjects: 0.367100 ms CreateObjectMapping: 0.166700 ms MarkObjects: 2.274700 ms  DeleteObjects: 0.949900 ms)

========================================================================
Received Import Request.
  path: Assets/04 - Intro to VR/Scripts/Grabber.cs
  artifactKey: Guid(03e20c62c447d284caab0a26647e457e) Importer(815301076,1909f56bfc062723c751e8b465ee728b)
Start importing Assets/04 - Intro to VR/Scripts/Grabber.cs using Guid(03e20c62c447d284caab0a26647e457e) Importer(815301076,1909f56bfc062723c751e8b465ee728b)  -> (artifact id: '445b546ccf1ed2322607717898151b22') in 0.102454 seconds
  Import took 0.152690 seconds .

========================================================================
Received Import Request.
  Time since last request: 5318.779567 seconds.
  path: Assets/03 - Introduction to AR Vuforia/Scenes/ARXray.unity
  artifactKey: Guid(4aae3b79b1ad5a34cbb67f42f5ff5371) Importer(815301076,1909f56bfc062723c751e8b465ee728b)
Start importing Assets/03 - Introduction to AR Vuforia/Scenes/ARXray.unity using Guid(4aae3b79b1ad5a34cbb67f42f5ff5371) Importer(815301076,1909f56bfc062723c751e8b465ee728b)  -> (artifact id: 'fbc15970609b988ee9cc40a0381bb8c2') in 0.087558 seconds
  Import took 0.250091 seconds .

========================================================================
Received Import Request.
  Time since last request: 310.186110 seconds.
  path: Assets/04 - Intro to VR/VR Hand Pack/ENSNSFT Characters/VR Hands/Textures/Ensenasoft inf.psd
  artifactKey: Guid(5c8fb1f7b6d380248b213aab045a8d93) Importer(815301076,1909f56bfc062723c751e8b465ee728b)
Start importing Assets/04 - Intro to VR/VR Hand Pack/ENSNSFT Characters/VR Hands/Textures/Ensenasoft inf.psd using Guid(5c8fb1f7b6d380248b213aab045a8d93) Importer(815301076,1909f56bfc062723c751e8b465ee728b)  -> (artifact id: '75b9585668bbb7fb6e085bc69e219fdf') in 0.315158 seconds
  Import took 0.340225 seconds .

========================================================================
Received Import Request.
  Time since last request: 0.000419 seconds.
  path: Assets/04 - Intro to VR/VR Hand Pack/ENSNSFT Characters/VR Hands/Textures/Ensenasoft VR Hands.psd
  artifactKey: Guid(1b3c7268e46eaaf4baf444ca8b1b594e) Importer(815301076,1909f56bfc062723c751e8b465ee728b)
Start importing Assets/04 - Intro to VR/VR Hand Pack/ENSNSFT Characters/VR Hands/Textures/Ensenasoft VR Hands.psd using Guid(1b3c7268e46eaaf4baf444ca8b1b594e) Importer(815301076,1909f56bfc062723c751e8b465ee728b)  -> (artifact id: 'ccd5c73ac73b02bd098b090190b6b089') in 0.119128 seconds
  Import took 0.153521 seconds .

========================================================================
Received Import Request.
  Time since last request: 0.000412 seconds.
  path: Assets/04 - Intro to VR/VR Hand Pack/ENSNSFT Characters/VR Hands/Textures/Ensenasoft inf.psd
  artifactKey: Guid(5c8fb1f7b6d380248b213aab045a8d93) Importer(815301076,1909f56bfc062723c751e8b465ee728b)
Start importing Assets/04 - Intro to VR/VR Hand Pack/ENSNSFT Characters/VR Hands/Textures/Ensenasoft inf.psd using Guid(5c8fb1f7b6d380248b213aab045a8d93) Importer(815301076,1909f56bfc062723c751e8b465ee728b)  -> (artifact id: '75b9585668bbb7fb6e085bc69e219fdf') in 0.023654 seconds
  Import took 0.030781 seconds .

========================================================================
Received Import Request.
  Time since last request: 0.000436 seconds.
  path: Assets/04 - Intro to VR/VR Hand Pack/ENSNSFT Characters/VR Hands/Textures/Ensenasoft VR Hands.psd
  artifactKey: Guid(1b3c7268e46eaaf4baf444ca8b1b594e) Importer(815301076,1909f56bfc062723c751e8b465ee728b)
Start importing Assets/04 - Intro to VR/VR Hand Pack/ENSNSFT Characters/VR Hands/Textures/Ensenasoft VR Hands.psd using Guid(1b3c7268e46eaaf4baf444ca8b1b594e) Importer(815301076,1909f56bfc062723c751e8b465ee728b)  -> (artifact id: 'ccd5c73ac73b02bd098b090190b6b089') in 0.021082 seconds
  Import took 0.030346 seconds .

